c:\repos\galaxy\galaxy\debug\vc141.pdb
c:\repos\galaxy\galaxy\debug\vc141.idb
c:\repos\galaxy\galaxy\debug\fileutils.obj
c:\repos\galaxy\galaxy\debug\fileutils.cod
c:\repos\galaxy\galaxy\debug\buffer.obj
c:\repos\galaxy\galaxy\debug\buffer.cod
c:\repos\galaxy\galaxy\debug\indexbuffer.obj
c:\repos\galaxy\galaxy\debug\indexbuffer.cod
c:\repos\galaxy\galaxy\debug\shader.obj
c:\repos\galaxy\galaxy\debug\shader.cod
c:\repos\galaxy\galaxy\debug\mat4f.obj
c:\repos\galaxy\galaxy\debug\mat4f.cod
c:\repos\galaxy\galaxy\debug\vec2f.obj
c:\repos\galaxy\galaxy\debug\vec2f.cod
c:\repos\galaxy\galaxy\debug\vec3f.obj
c:\repos\galaxy\galaxy\debug\vec3f.cod
c:\repos\galaxy\galaxy\debug\vec4f.obj
c:\repos\galaxy\galaxy\debug\vec4f.cod
c:\repos\galaxy\galaxy\debug\window.obj
c:\repos\galaxy\galaxy\debug\window.cod
c:\repos\galaxy\assembly.cod
c:\repos\galaxy\galaxy\debug\main.obj
c:\repos\galaxy\galaxy\debug\vertexarray.cod
c:\repos\galaxy\galaxy\debug\vertexbufferlayout.cod
c:\repos\galaxy\galaxy\debug\vertexbufferlayout.obj
c:\repos\galaxy\galaxy\debug\vertexarray.obj
c:\repos\galaxy\debug\galaxy.exe
c:\repos\galaxy\debug\galaxy.ilk
c:\repos\galaxy\debug\galaxy.pdb
c:\repos\galaxy\galaxy\debug\galaxy.tlog\cl.command.1.tlog
c:\repos\galaxy\galaxy\debug\galaxy.tlog\cl.read.1.tlog
c:\repos\galaxy\galaxy\debug\galaxy.tlog\cl.write.1.tlog
c:\repos\galaxy\galaxy\debug\galaxy.tlog\link.command.1.tlog
c:\repos\galaxy\galaxy\debug\galaxy.tlog\link.read.1.tlog
c:\repos\galaxy\galaxy\debug\galaxy.tlog\link.write.1.tlog
